<?xml version="1.0" encoding="UTF-8"?>
<!-- Generated by org.testng.reporters.JUnitReportReporter -->
<testsuite hostname="DESKTOP-A7A4IVS" failures="0" tests="1" name="FrameworkDesign.BarnesAndNoble.BNUserWelcomePage" time="4.162" errors="0" timestamp="2022-10-25T14:54:41 IST" skipped="0">
  <testcase classname="FrameworkDesign.BarnesAndNoble.BNUserWelcomePage" name="createAccount" time="4.162"/>
  <system-out/>
</testsuite> <!-- FrameworkDesign.BarnesAndNoble.BNUserWelcomePage -->
