<?xml version="1.0" encoding="UTF-8"?>
<!-- Generated by org.testng.reporters.JUnitReportReporter -->
<testsuite hostname="DESKTOP-A7A4IVS" failures="0" tests="1" name="FrameworkDesign.BarnesAndNoble.BNGuestWelcomepage" time="4.882" errors="0" timestamp="2022-11-01T22:08:13 IST" skipped="0">
  <testcase classname="FrameworkDesign.BarnesAndNoble.BNGuestWelcomepage" name="createAccount" time="4.882"/>
  <system-out/>
</testsuite> <!-- FrameworkDesign.BarnesAndNoble.BNGuestWelcomepage -->
