<?xml version="1.0" encoding="UTF-8"?>
<!-- Generated by org.testng.reporters.JUnitReportReporter -->
<testsuite hostname="DESKTOP-A7A4IVS" failures="0" tests="1" name="testScripts.LoginWithSavedAddressAndPayment" time="75.159" errors="0" timestamp="2022-11-18T17:43:55 IST" skipped="0">
  <testcase classname="testScripts.LoginWithSavedAddressAndPayment" name="createAccount" time="75.159"/>
  <system-out/>
</testsuite> <!-- testScripts.LoginWithSavedAddressAndPayment -->
