<?xml version="1.0" encoding="UTF-8"?>
<!-- Generated by org.testng.reporters.JUnitReportReporter -->
<testsuite hostname="DESKTOP-A7A4IVS" failures="0" tests="1" name="FrameworkDesign.pageObjects.android.faker" time="0.410" errors="0" timestamp="2022-10-07T12:00:20 IST" skipped="0">
  <testcase classname="FrameworkDesign.pageObjects.android.faker" name="getFirstName" time="0.410"/>
  <system-out/>
</testsuite> <!-- FrameworkDesign.pageObjects.android.faker -->
