<?xml version="1.0" encoding="UTF-8"?>
<!-- Generated by org.testng.reporters.JUnitReportReporter -->
<testsuite hostname="DESKTOP-A7A4IVS" failures="0" tests="1" name="FrameworkDesign.BarnesAndNoble.Sanity" time="18.026" errors="0" timestamp="2022-10-07T15:21:54 IST" skipped="0">
  <testcase classname="FrameworkDesign.BarnesAndNoble.Sanity" name="createAccount" time="18.026"/>
  <system-out/>
</testsuite> <!-- FrameworkDesign.BarnesAndNoble.Sanity -->
