<?xml version="1.0" encoding="UTF-8"?>
<!-- Generated by org.testng.reporters.JUnitReportReporter -->
<testsuite hostname="DESKTOP-A7A4IVS" failures="0" tests="1" name="FrameworkDesign.BarnesAndNoble.Sanity2" time="0.000" errors="0" timestamp="2022-10-18T15:36:34 IST" skipped="1">
  <testcase classname="FrameworkDesign.BarnesAndNoble.Sanity2" name="login" time="0.000">
    <skipped/>
  </testcase> <!-- login -->
  <system-out/>
</testsuite> <!-- FrameworkDesign.BarnesAndNoble.Sanity2 -->
